2023-10-18T15:08:56.132Z    +90ms [debug] Config loaded {"version":"2.28.1","cdkVersion":"2.95.1","constructsVersion":"10.2.69","config":{"name":"remix-sst-blog","region":"us-east-1","stage":"dev","ssmPrefix":"/sst/remix-sst-blog/dev/"},"metafile":{"inputs":{"sst.config.ts":{"bytes":242,"imports":[{"path":"sst/constructs","kind":"import-statement","external":true}],"format":"esm"}},"outputs":{".sst.config.1697641736052.mjs":{"imports":[],"exports":["default"],"entryPoint":"sst.config.ts","inputs":{"sst.config.ts":{"bytesInOutput":129}},"bytes":311}}},"paths":{"config":"/Users/tuniscorp/Dev/NEWRGM/remix-sst/remix-sst-blog/sst.config.ts","root":"/Users/tuniscorp/Dev/NEWRGM/remix-sst/remix-sst-blog","out":"/Users/tuniscorp/Dev/NEWRGM/remix-sst/remix-sst-blog/.sst","artifacts":"/Users/tuniscorp/Dev/NEWRGM/remix-sst/remix-sst-blog/.sst/artifacts"}}
2023-10-18T15:08:58.224Z  +2092ms [debug] Using AWS profile 
2023-10-18T15:08:58.258Z    +34ms [debug] Created AWS client IoTClient
2023-10-18T15:08:58.258Z     +0ms [debug] Getting IoT endpoint
2023-10-18T15:08:58.277Z    +19ms [debug] Synthesizing stacks...
2023-10-18T15:08:58.282Z     +5ms [debug] Created AWS client STSClient
2023-10-18T15:08:58.464Z   +182ms [debug] Using IoT endpoint: a2fhu9qjlu6qc1-ats.iot.us-east-1.amazonaws.com
2023-10-18T15:08:58.464Z     +0ms [debug] Initializing bootstrap context
2023-10-18T15:08:58.465Z     +1ms [debug] Created AWS client CloudFormationClient
2023-10-18T15:08:58.498Z    +33ms [debug] Using identity Account: 716340889310 User: AIDA2NSJ6Q3PAZ3URI3YR
2023-10-18T15:08:58.527Z    +29ms [debug] Generating types in /Users/tuniscorp/Dev/NEWRGM/remix-sst/remix-sst-blog/.sst/types
2023-10-18T15:08:58.633Z   +106ms [debug] Running 1 deferred tasks with concurrency: 7
2023-10-18T15:08:58.891Z   +258ms [debug] Loaded bootstrap status
2023-10-18T15:08:58.891Z     +0ms [debug] Bootstrap context initialized {"status":"ready","version":"7.2","bucket":"sstbootstrap-useast124d14e4b-1j3irkjm8bka5"}
2023-10-18T15:08:58.892Z     +1ms [debug] Created AWS client S3Client
2023-10-18T15:08:58.999Z   +107ms [debug] 
2023-10-18T15:08:58.999Z     +0ms [debug] Loading v2 AWS SDK
2023-10-18T15:08:58.999Z     +0ms [debug] Finished synthesizing
2023-10-18T15:08:59.236Z   +237ms [debug] IoT connected
2023-10-18T15:08:59.288Z    +52ms [debug] Fetching metadata for stack dev-remix-sst-blog-Site failed {"name":"NoSuchKey","$fault":"client","$metadata":{"httpStatusCode":404,"requestId":"H86ZTA8H39V7JSJG","extendedRequestId":"JLx1AEEpGJLY4W8rXi+rQdW2OpXuWsZWlWHhG7PzZwstsET4gFgJ7d3Fd6d54g43RNyi7p6l0dM=","attempts":1,"totalRetryDelay":0},"Code":"NoSuchKey","Key":"stackMetadata/app.remix-sst-blog/stage.dev/stack.dev-remix-sst-blog-Site.json","RequestId":"H86ZTA8H39V7JSJG","HostId":"JLx1AEEpGJLY4W8rXi+rQdW2OpXuWsZWlWHhG7PzZwstsET4gFgJ7d3Fd6d54g43RNyi7p6l0dM=","message":"The specified key does not exist."}
2023-10-18T15:08:59.291Z     +3ms [debug] Created AWS client SSMClient
2023-10-18T16:40:18.770Z +5479479ms [debug] IoT error {"errno":-54,"code":"ECONNRESET","syscall":"read","type":"error","target":{"_events":{},"_eventsCount":0,"readyState":3,"bytesReceived":69,"extensions":null,"protocol":"mqttv3.1","_binaryType":"arraybuffer","_closeFrameReceived":false,"_closeFrameSent":false,"_closeMessage":"","_closeTimer":null,"_finalized":true,"_closeCode":1006,"_receiver":null,"_sender":null,"_socket":null,"_ultron":null,"protocolVersion":13,"_isServer":false,"url":"wss://a2fhu9qjlu6qc1-ats.iot.us-east-1.amazonaws.com/mqtt?X-Amz-Algorithm=AWS4-HMAC-SHA256&X-Amz-Credential=AKIA2NSJ6Q3PP6KKN63B%2F20231018%2Fus-east-1%2Fiotdevicegateway%2Faws4_request&X-Amz-Date=20231018T150858Z&X-Amz-SignedHeaders=host&X-Amz-Signature=5244a6aeaaf82d37cde614999c3b356fd4707be06231a030ba48289bb5ba3fb2","_req":null}}
2023-10-18T16:40:18.788Z    +18ms [debug] IoT closed
2023-10-18T16:40:19.792Z  +1004ms [debug] IoT reconnected
2023-10-18T16:40:20.120Z   +328ms [debug] IoT connected
2023-10-18T17:00:42.417Z +1222297ms [debug] IoT error {"errno":-54,"code":"ECONNRESET","syscall":"read","type":"error","target":{"_events":{},"_eventsCount":0,"readyState":3,"bytesReceived":13,"extensions":null,"protocol":"mqttv3.1","_binaryType":"arraybuffer","_closeFrameReceived":false,"_closeFrameSent":false,"_closeMessage":"","_closeTimer":null,"_finalized":true,"_closeCode":1006,"_receiver":null,"_sender":null,"_socket":null,"_ultron":null,"protocolVersion":13,"_isServer":false,"url":"wss://a2fhu9qjlu6qc1-ats.iot.us-east-1.amazonaws.com/mqtt?X-Amz-Algorithm=AWS4-HMAC-SHA256&X-Amz-Credential=AKIA2NSJ6Q3PP6KKN63B%2F20231018%2Fus-east-1%2Fiotdevicegateway%2Faws4_request&X-Amz-Date=20231018T164019Z&X-Amz-SignedHeaders=host&X-Amz-Signature=59c410c82437cc8a4243124008d56e62c534c438a565a92a3d7bc788a8dfde91","_req":null}}
2023-10-18T17:00:42.419Z     +2ms [debug] IoT closed
2023-10-18T17:00:43.421Z  +1002ms [debug] IoT reconnected
2023-10-18T17:00:43.704Z   +283ms [debug] IoT connected
2023-10-18T17:19:44.314Z +1140610ms [debug] IoT error {"errno":-54,"code":"ECONNRESET","syscall":"read","type":"error","target":{"_events":{},"_eventsCount":0,"readyState":3,"bytesReceived":21,"extensions":null,"protocol":"mqttv3.1","_binaryType":"arraybuffer","_closeFrameReceived":false,"_closeFrameSent":false,"_closeMessage":"","_closeTimer":null,"_finalized":true,"_closeCode":1006,"_receiver":null,"_sender":null,"_socket":null,"_ultron":null,"protocolVersion":13,"_isServer":false,"url":"wss://a2fhu9qjlu6qc1-ats.iot.us-east-1.amazonaws.com/mqtt?X-Amz-Algorithm=AWS4-HMAC-SHA256&X-Amz-Credential=AKIA2NSJ6Q3PP6KKN63B%2F20231018%2Fus-east-1%2Fiotdevicegateway%2Faws4_request&X-Amz-Date=20231018T170043Z&X-Amz-SignedHeaders=host&X-Amz-Signature=938653a2850252ab0a2e6edfe5a9e6b80d194f7c5b88fa38e98e50d6a4211c32","_req":null}}
2023-10-18T17:19:44.316Z     +2ms [debug] IoT closed
2023-10-18T17:19:45.317Z  +1001ms [debug] IoT reconnected
2023-10-18T17:19:45.577Z   +260ms [debug] IoT connected
2023-10-18T17:46:06.453Z +1580876ms [debug] IoT error {"errno":-54,"code":"ECONNRESET","syscall":"read","type":"error","target":{"_events":{},"_eventsCount":0,"readyState":3,"bytesReceived":25,"extensions":null,"protocol":"mqttv3.1","_binaryType":"arraybuffer","_closeFrameReceived":false,"_closeFrameSent":false,"_closeMessage":"","_closeTimer":null,"_finalized":true,"_closeCode":1006,"_receiver":null,"_sender":null,"_socket":null,"_ultron":null,"protocolVersion":13,"_isServer":false,"url":"wss://a2fhu9qjlu6qc1-ats.iot.us-east-1.amazonaws.com/mqtt?X-Amz-Algorithm=AWS4-HMAC-SHA256&X-Amz-Credential=AKIA2NSJ6Q3PP6KKN63B%2F20231018%2Fus-east-1%2Fiotdevicegateway%2Faws4_request&X-Amz-Date=20231018T171945Z&X-Amz-SignedHeaders=host&X-Amz-Signature=d5d896ea538e29e84161de038884d27507d091f185b34ffa69b4d70a81f9d62a","_req":null}}
2023-10-18T17:46:06.460Z     +7ms [debug] IoT closed
2023-10-18T17:46:07.462Z  +1002ms [debug] IoT reconnected
2023-10-18T17:46:08.018Z   +556ms [debug] IoT connected
2023-10-18T18:10:52.850Z +1484832ms [debug] IoT error {"errno":-54,"code":"ECONNRESET","syscall":"read","type":"error","target":{"_events":{},"_eventsCount":0,"readyState":3,"bytesReceived":25,"extensions":null,"protocol":"mqttv3.1","_binaryType":"arraybuffer","_closeFrameReceived":false,"_closeFrameSent":false,"_closeMessage":"","_closeTimer":null,"_finalized":true,"_closeCode":1006,"_receiver":null,"_sender":null,"_socket":null,"_ultron":null,"protocolVersion":13,"_isServer":false,"url":"wss://a2fhu9qjlu6qc1-ats.iot.us-east-1.amazonaws.com/mqtt?X-Amz-Algorithm=AWS4-HMAC-SHA256&X-Amz-Credential=AKIA2NSJ6Q3PP6KKN63B%2F20231018%2Fus-east-1%2Fiotdevicegateway%2Faws4_request&X-Amz-Date=20231018T174607Z&X-Amz-SignedHeaders=host&X-Amz-Signature=7325b3e4f367822b37c5260416424ba02228a617c9dc50b9b961c5b499d8312c","_req":null}}
2023-10-18T18:10:52.852Z     +2ms [debug] IoT closed
2023-10-18T18:10:53.852Z  +1000ms [debug] IoT reconnected
2023-10-18T18:10:54.128Z   +276ms [debug] IoT connected
2023-10-18T18:36:49.754Z +1555626ms [debug] IoT error {"errno":-54,"code":"ECONNRESET","syscall":"read","type":"error","target":{"_events":{},"_eventsCount":0,"readyState":3,"bytesReceived":25,"extensions":null,"protocol":"mqttv3.1","_binaryType":"arraybuffer","_closeFrameReceived":false,"_closeFrameSent":false,"_closeMessage":"","_closeTimer":null,"_finalized":true,"_closeCode":1006,"_receiver":null,"_sender":null,"_socket":null,"_ultron":null,"protocolVersion":13,"_isServer":false,"url":"wss://a2fhu9qjlu6qc1-ats.iot.us-east-1.amazonaws.com/mqtt?X-Amz-Algorithm=AWS4-HMAC-SHA256&X-Amz-Credential=AKIA2NSJ6Q3PP6KKN63B%2F20231018%2Fus-east-1%2Fiotdevicegateway%2Faws4_request&X-Amz-Date=20231018T181053Z&X-Amz-SignedHeaders=host&X-Amz-Signature=13bdb052a19bb848b4084fd7374a48a8f12bce02fb1b591f7775d4a6b316bc8f","_req":null}}
2023-10-18T18:36:49.756Z     +2ms [debug] IoT closed
2023-10-18T18:36:50.758Z  +1002ms [debug] IoT reconnected
2023-10-18T18:36:51.038Z   +280ms [debug] IoT connected
2023-10-18T18:47:08.269Z +617231ms [debug] IoT error {"errno":-54,"code":"ECONNRESET","syscall":"read","type":"error","target":{"_events":{},"_eventsCount":0,"readyState":3,"bytesReceived":13,"extensions":null,"protocol":"mqttv3.1","_binaryType":"arraybuffer","_closeFrameReceived":false,"_closeFrameSent":false,"_closeMessage":"","_closeTimer":null,"_finalized":true,"_closeCode":1006,"_receiver":null,"_sender":null,"_socket":null,"_ultron":null,"protocolVersion":13,"_isServer":false,"url":"wss://a2fhu9qjlu6qc1-ats.iot.us-east-1.amazonaws.com/mqtt?X-Amz-Algorithm=AWS4-HMAC-SHA256&X-Amz-Credential=AKIA2NSJ6Q3PP6KKN63B%2F20231018%2Fus-east-1%2Fiotdevicegateway%2Faws4_request&X-Amz-Date=20231018T183650Z&X-Amz-SignedHeaders=host&X-Amz-Signature=cedb7e5fc92c83a59a359c8dd2bd10a2f2a5d141f3bbf27b652537d0300fab41","_req":null}}
2023-10-18T18:47:08.271Z     +2ms [debug] IoT closed
2023-10-18T18:47:09.273Z  +1002ms [debug] IoT reconnected
2023-10-18T18:47:09.544Z   +271ms [debug] IoT connected
2023-10-18T19:07:40.383Z +1230839ms [debug] IoT error {"errno":-54,"code":"ECONNRESET","syscall":"read","type":"error","target":{"_events":{},"_eventsCount":0,"readyState":3,"bytesReceived":13,"extensions":null,"protocol":"mqttv3.1","_binaryType":"arraybuffer","_closeFrameReceived":false,"_closeFrameSent":false,"_closeMessage":"","_closeTimer":null,"_finalized":true,"_closeCode":1006,"_receiver":null,"_sender":null,"_socket":null,"_ultron":null,"protocolVersion":13,"_isServer":false,"url":"wss://a2fhu9qjlu6qc1-ats.iot.us-east-1.amazonaws.com/mqtt?X-Amz-Algorithm=AWS4-HMAC-SHA256&X-Amz-Credential=AKIA2NSJ6Q3PP6KKN63B%2F20231018%2Fus-east-1%2Fiotdevicegateway%2Faws4_request&X-Amz-Date=20231018T184709Z&X-Amz-SignedHeaders=host&X-Amz-Signature=6ef9d60c62b9eaf70802ab08dd233cb394d99b07ad54d74ca1e9298cd588e4e4","_req":null}}
2023-10-18T19:07:40.384Z     +1ms [debug] IoT closed
2023-10-18T19:07:41.386Z  +1002ms [debug] IoT reconnected
2023-10-18T19:07:41.722Z   +336ms [debug] IoT connected
2023-10-18T19:25:59.131Z +1097409ms [debug] IoT error {"errno":-54,"code":"ECONNRESET","syscall":"read","type":"error","target":{"_events":{},"_eventsCount":0,"readyState":3,"bytesReceived":13,"extensions":null,"protocol":"mqttv3.1","_binaryType":"arraybuffer","_closeFrameReceived":false,"_closeFrameSent":false,"_closeMessage":"","_closeTimer":null,"_finalized":true,"_closeCode":1006,"_receiver":null,"_sender":null,"_socket":null,"_ultron":null,"protocolVersion":13,"_isServer":false,"url":"wss://a2fhu9qjlu6qc1-ats.iot.us-east-1.amazonaws.com/mqtt?X-Amz-Algorithm=AWS4-HMAC-SHA256&X-Amz-Credential=AKIA2NSJ6Q3PP6KKN63B%2F20231018%2Fus-east-1%2Fiotdevicegateway%2Faws4_request&X-Amz-Date=20231018T190741Z&X-Amz-SignedHeaders=host&X-Amz-Signature=f7eab634d6b613c6b90366deb4742e3fe7e4f974a3ea03c24bf26a1bbcb5c4bd","_req":null}}
2023-10-18T19:25:59.132Z     +1ms [debug] IoT closed
2023-10-18T19:26:00.134Z  +1002ms [debug] IoT reconnected
2023-10-18T19:26:00.405Z   +271ms [debug] IoT connected
2023-10-18T19:39:02.686Z +782281ms [debug] IoT error {"errno":-54,"code":"ECONNRESET","syscall":"read","type":"error","target":{"_events":{},"_eventsCount":0,"readyState":3,"bytesReceived":17,"extensions":null,"protocol":"mqttv3.1","_binaryType":"arraybuffer","_closeFrameReceived":false,"_closeFrameSent":false,"_closeMessage":"","_closeTimer":null,"_finalized":true,"_closeCode":1006,"_receiver":null,"_sender":null,"_socket":null,"_ultron":null,"protocolVersion":13,"_isServer":false,"url":"wss://a2fhu9qjlu6qc1-ats.iot.us-east-1.amazonaws.com/mqtt?X-Amz-Algorithm=AWS4-HMAC-SHA256&X-Amz-Credential=AKIA2NSJ6Q3PP6KKN63B%2F20231018%2Fus-east-1%2Fiotdevicegateway%2Faws4_request&X-Amz-Date=20231018T192600Z&X-Amz-SignedHeaders=host&X-Amz-Signature=b0c668dc7d0a3889bdd5231d9bf2eb57591bbeb6137466fef9515a8010a36d7e","_req":null}}
2023-10-18T19:39:02.702Z    +16ms [debug] IoT closed
2023-10-18T19:39:03.714Z  +1012ms [debug] IoT reconnected
2023-10-18T19:39:04.016Z   +302ms [debug] IoT connected
